Started GET "/" for 127.0.0.1 at 2018-09-22 12:26:52 -0600
  
ActiveRecord::PendingMigrationError (

Migrations are pending. To resolve this issue, run:

        bin/rails db:migrate RAILS_ENV=development

):
  
activerecord (5.0.7) lib/active_record/migration.rb:573:in `check_pending!'
activerecord (5.0.7) lib/active_record/migration.rb:549:in `call'
actionpack (5.0.7) lib/action_dispatch/middleware/callbacks.rb:38:in `block in call'
activesupport (5.0.7) lib/active_support/callbacks.rb:97:in `__run_callbacks__'
activesupport (5.0.7) lib/active_support/callbacks.rb:750:in `_run_call_callbacks'
activesupport (5.0.7) lib/active_support/callbacks.rb:90:in `run_callbacks'
actionpack (5.0.7) lib/action_dispatch/middleware/callbacks.rb:36:in `call'
actionpack (5.0.7) lib/action_dispatch/middleware/executor.rb:12:in `call'
actionpack (5.0.7) lib/action_dispatch/middleware/remote_ip.rb:79:in `call'
actionpack (5.0.7) lib/action_dispatch/middleware/debug_exceptions.rb:49:in `call'
web-console (3.7.0) lib/web_console/middleware.rb:135:in `call_app'
web-console (3.7.0) lib/web_console/middleware.rb:30:in `block in call'
web-console (3.7.0) lib/web_console/middleware.rb:20:in `catch'
web-console (3.7.0) lib/web_console/middleware.rb:20:in `call'
actionpack (5.0.7) lib/action_dispatch/middleware/show_exceptions.rb:31:in `call'
railties (5.0.7) lib/rails/rack/logger.rb:36:in `call_app'
railties (5.0.7) lib/rails/rack/logger.rb:24:in `block in call'
activesupport (5.0.7) lib/active_support/tagged_logging.rb:69:in `block in tagged'
activesupport (5.0.7) lib/active_support/tagged_logging.rb:26:in `tagged'
activesupport (5.0.7) lib/active_support/tagged_logging.rb:69:in `tagged'
railties (5.0.7) lib/rails/rack/logger.rb:24:in `call'
sprockets-rails (3.2.1) lib/sprockets/rails/quiet_assets.rb:13:in `call'
actionpack (5.0.7) lib/action_dispatch/middleware/request_id.rb:24:in `call'
rack (2.0.5) lib/rack/method_override.rb:22:in `call'
rack (2.0.5) lib/rack/runtime.rb:22:in `call'
activesupport (5.0.7) lib/active_support/cache/strategy/local_cache_middleware.rb:28:in `call'
actionpack (5.0.7) lib/action_dispatch/middleware/executor.rb:12:in `call'
actionpack (5.0.7) lib/action_dispatch/middleware/static.rb:136:in `call'
rack (2.0.5) lib/rack/sendfile.rb:111:in `call'
railties (5.0.7) lib/rails/engine.rb:522:in `call'
puma (3.12.0) lib/puma/configuration.rb:225:in `call'
puma (3.12.0) lib/puma/server.rb:658:in `handle_request'
puma (3.12.0) lib/puma/server.rb:472:in `process_client'
puma (3.12.0) lib/puma/server.rb:332:in `block in run'
puma (3.12.0) lib/puma/thread_pool.rb:133:in `block in spawn_thread'
  Rendering C:/Ruby24-x64/lib/ruby/gems/2.4.0/gems/actionpack-5.0.7/lib/action_dispatch/middleware/templates/rescues/diagnostics.html.erb within rescues/layout
  Rendering C:/Ruby24-x64/lib/ruby/gems/2.4.0/gems/actionpack-5.0.7/lib/action_dispatch/middleware/templates/rescues/_source.html.erb
  Rendered C:/Ruby24-x64/lib/ruby/gems/2.4.0/gems/actionpack-5.0.7/lib/action_dispatch/middleware/templates/rescues/_source.html.erb (4.0ms)
  Rendering C:/Ruby24-x64/lib/ruby/gems/2.4.0/gems/actionpack-5.0.7/lib/action_dispatch/middleware/templates/rescues/_trace.html.erb
  Rendered C:/Ruby24-x64/lib/ruby/gems/2.4.0/gems/actionpack-5.0.7/lib/action_dispatch/middleware/templates/rescues/_trace.html.erb (4.0ms)
Started GET "/" for 127.0.0.1 at 2018-09-22 12:26:56 -0600
  Rendering C:/Ruby24-x64/lib/ruby/gems/2.4.0/gems/actionpack-5.0.7/lib/action_dispatch/middleware/templates/rescues/_request_and_response.html.erb
  Rendered C:/Ruby24-x64/lib/ruby/gems/2.4.0/gems/actionpack-5.0.7/lib/action_dispatch/middleware/templates/rescues/_request_and_response.html.erb (0.0ms)
  
  Rendered C:/Ruby24-x64/lib/ruby/gems/2.4.0/gems/actionpack-5.0.7/lib/action_dispatch/middleware/templates/rescues/diagnostics.html.erb within rescues/layout (2655.9ms)
ActiveRecord::PendingMigrationError (

Migrations are pending. To resolve this issue, run:

        bin/rails db:migrate RAILS_ENV=development

):
  
activerecord (5.0.7) lib/active_record/migration.rb:573:in `check_pending!'
activerecord (5.0.7) lib/active_record/migration.rb:549:in `call'
actionpack (5.0.7) lib/action_dispatch/middleware/callbacks.rb:38:in `block in call'
activesupport (5.0.7) lib/active_support/callbacks.rb:97:in `__run_callbacks__'
activesupport (5.0.7) lib/active_support/callbacks.rb:750:in `_run_call_callbacks'
activesupport (5.0.7) lib/active_support/callbacks.rb:90:in `run_callbacks'
actionpack (5.0.7) lib/action_dispatch/middleware/callbacks.rb:36:in `call'
actionpack (5.0.7) lib/action_dispatch/middleware/executor.rb:12:in `call'
actionpack (5.0.7) lib/action_dispatch/middleware/remote_ip.rb:79:in `call'
actionpack (5.0.7) lib/action_dispatch/middleware/debug_exceptions.rb:49:in `call'
web-console (3.7.0) lib/web_console/middleware.rb:135:in `call_app'
web-console (3.7.0) lib/web_console/middleware.rb:30:in `block in call'
web-console (3.7.0) lib/web_console/middleware.rb:20:in `catch'
web-console (3.7.0) lib/web_console/middleware.rb:20:in `call'
actionpack (5.0.7) lib/action_dispatch/middleware/show_exceptions.rb:31:in `call'
railties (5.0.7) lib/rails/rack/logger.rb:36:in `call_app'
railties (5.0.7) lib/rails/rack/logger.rb:24:in `block in call'
activesupport (5.0.7) lib/active_support/tagged_logging.rb:69:in `block in tagged'
activesupport (5.0.7) lib/active_support/tagged_logging.rb:26:in `tagged'
activesupport (5.0.7) lib/active_support/tagged_logging.rb:69:in `tagged'
railties (5.0.7) lib/rails/rack/logger.rb:24:in `call'
sprockets-rails (3.2.1) lib/sprockets/rails/quiet_assets.rb:13:in `call'
actionpack (5.0.7) lib/action_dispatch/middleware/request_id.rb:24:in `call'
rack (2.0.5) lib/rack/method_override.rb:22:in `call'
rack (2.0.5) lib/rack/runtime.rb:22:in `call'
activesupport (5.0.7) lib/active_support/cache/strategy/local_cache_middleware.rb:28:in `call'
actionpack (5.0.7) lib/action_dispatch/middleware/executor.rb:12:in `call'
actionpack (5.0.7) lib/action_dispatch/middleware/static.rb:136:in `call'
rack (2.0.5) lib/rack/sendfile.rb:111:in `call'
railties (5.0.7) lib/rails/engine.rb:522:in `call'
puma (3.12.0) lib/puma/configuration.rb:225:in `call'
puma (3.12.0) lib/puma/server.rb:658:in `handle_request'
puma (3.12.0) lib/puma/server.rb:472:in `process_client'
puma (3.12.0) lib/puma/server.rb:332:in `block in run'
puma (3.12.0) lib/puma/thread_pool.rb:133:in `block in spawn_thread'
  Rendering C:/Ruby24-x64/lib/ruby/gems/2.4.0/gems/actionpack-5.0.7/lib/action_dispatch/middleware/templates/rescues/diagnostics.html.erb within rescues/layout
  Rendering C:/Ruby24-x64/lib/ruby/gems/2.4.0/gems/actionpack-5.0.7/lib/action_dispatch/middleware/templates/rescues/_source.html.erb
  Rendered C:/Ruby24-x64/lib/ruby/gems/2.4.0/gems/actionpack-5.0.7/lib/action_dispatch/middleware/templates/rescues/_source.html.erb (0.0ms)
  Rendering C:/Ruby24-x64/lib/ruby/gems/2.4.0/gems/actionpack-5.0.7/lib/action_dispatch/middleware/templates/rescues/_trace.html.erb
  Rendered C:/Ruby24-x64/lib/ruby/gems/2.4.0/gems/actionpack-5.0.7/lib/action_dispatch/middleware/templates/rescues/_trace.html.erb (4.0ms)
  Rendering C:/Ruby24-x64/lib/ruby/gems/2.4.0/gems/actionpack-5.0.7/lib/action_dispatch/middleware/templates/rescues/_request_and_response.html.erb
  Rendered C:/Ruby24-x64/lib/ruby/gems/2.4.0/gems/actionpack-5.0.7/lib/action_dispatch/middleware/templates/rescues/_request_and_response.html.erb (0.0ms)
  Rendered C:/Ruby24-x64/lib/ruby/gems/2.4.0/gems/actionpack-5.0.7/lib/action_dispatch/middleware/templates/rescues/diagnostics.html.erb within rescues/layout (2228.5ms)
  [1m[35m (12.0ms)[0m  [1m[35mCREATE TABLE "schema_migrations" ("version" varchar NOT NULL PRIMARY KEY)[0m
  [1m[35m (12.0ms)[0m  [1m[35mCREATE TABLE "ar_internal_metadata" ("key" varchar NOT NULL PRIMARY KEY, "value" varchar, "created_at" datetime NOT NULL, "updated_at" datetime NOT NULL)[0m
  [1m[36mActiveRecord::SchemaMigration Load (0.0ms)[0m  [1m[34mSELECT "schema_migrations".* FROM "schema_migrations"[0m
Migrating to CreateCourses (20180922182128)
  [1m[35m (0.0ms)[0m  [1m[36mbegin transaction[0m
  [1m[35m (0.0ms)[0m  [1m[35mCREATE TABLE "courses" ("id" INTEGER PRIMARY KEY AUTOINCREMENT NOT NULL, "name" varchar, "department" varchar, "number" varchar, "credits" varchar, "created_at" datetime NOT NULL, "updated_at" datetime NOT NULL)[0m
  [1m[35mSQL (0.0ms)[0m  [1m[32mINSERT INTO "schema_migrations" ("version") VALUES (?)[0m  [["version", "20180922182128"]]
  [1m[35m (16.0ms)[0m  [1m[36mcommit transaction[0m
Migrating to CreateSections (20180922182245)
  [1m[35m (0.0ms)[0m  [1m[36mbegin transaction[0m
  [1m[35m (0.0ms)[0m  [1m[35mCREATE TABLE "sections" ("id" INTEGER PRIMARY KEY AUTOINCREMENT NOT NULL, "semester" varchar, "number" varchar, "course_id" integer, "room" varchar, "created_at" datetime NOT NULL, "updated_at" datetime NOT NULL)[0m
  [1m[35m (0.0ms)[0m  [1m[34mselect sqlite_version(*)[0m
  [1m[35m (0.0ms)[0m  [1m[35mCREATE  INDEX "index_sections_on_course_id" ON "sections" ("course_id")[0m
  [1m[35mSQL (0.0ms)[0m  [1m[32mINSERT INTO "schema_migrations" ("version") VALUES (?)[0m  [["version", "20180922182245"]]
  [1m[35m (12.0ms)[0m  [1m[36mcommit transaction[0m
  [1m[36mActiveRecord::InternalMetadata Load (0.0ms)[0m  [1m[34mSELECT  "ar_internal_metadata".* FROM "ar_internal_metadata" WHERE "ar_internal_metadata"."key" = ? LIMIT ?[0m  [["key", "environment"], ["LIMIT", 1]]
  [1m[35m (0.0ms)[0m  [1m[36mbegin transaction[0m
  [1m[35mSQL (0.0ms)[0m  [1m[32mINSERT INTO "ar_internal_metadata" ("key", "value", "created_at", "updated_at") VALUES (?, ?, ?, ?)[0m  [["key", "environment"], ["value", "development"], ["created_at", "2018-09-22 18:27:28.975865"], ["updated_at", "2018-09-22 18:27:28.975865"]]
  [1m[35m (16.0ms)[0m  [1m[36mcommit transaction[0m
  [1m[36mActiveRecord::SchemaMigration Load (0.0ms)[0m  [1m[34mSELECT "schema_migrations".* FROM "schema_migrations"[0m
  [1m[35m (4.0ms)[0m  [1m[34m            SELECT sql
            FROM sqlite_master
            WHERE name='index_sections_on_course_id' AND type='index'
            UNION ALL
            SELECT sql
            FROM sqlite_temp_master
            WHERE name='index_sections_on_course_id' AND type='index'
[0m
Started GET "/" for 127.0.0.1 at 2018-09-22 12:28:05 -0600
  [1m[36mActiveRecord::SchemaMigration Load (0.0ms)[0m  [1m[34mSELECT "schema_migrations".* FROM "schema_migrations"[0m
Processing by Rails::WelcomeController#index as HTML
  Parameters: {"internal"=>true}
  Rendering C:/Ruby24-x64/lib/ruby/gems/2.4.0/gems/railties-5.0.7/lib/rails/templates/rails/welcome/index.html.erb
  Rendered C:/Ruby24-x64/lib/ruby/gems/2.4.0/gems/railties-5.0.7/lib/rails/templates/rails/welcome/index.html.erb (4.0ms)
Completed 200 OK in 120ms (Views: 57.0ms | ActiveRecord: 0.0ms)


Started GET "/courses" for 127.0.0.1 at 2018-09-22 12:28:09 -0600
Processing by CoursesController#index as HTML
  Rendering courses/index.html.erb within layouts/application
  [1m[36mCourse Load (0.0ms)[0m  [1m[34mSELECT "courses".* FROM "courses"[0m
  Rendered courses/index.html.erb within layouts/application (8.0ms)
Completed 200 OK in 2165ms (Views: 2105.2ms | ActiveRecord: 0.0ms)


Started GET "/sections" for 127.0.0.1 at 2018-09-22 12:28:16 -0600
Processing by SectionsController#index as HTML
  Rendering sections/index.html.erb within layouts/application
  [1m[36mSection Load (0.0ms)[0m  [1m[34mSELECT "sections".* FROM "sections"[0m
  Rendered sections/index.html.erb within layouts/application (0.0ms)
Completed 200 OK in 202ms (Views: 155.3ms | ActiveRecord: 0.0ms)


Started GET "/sections/new" for 127.0.0.1 at 2018-09-22 12:28:22 -0600
Processing by SectionsController#new as HTML
  Rendering sections/new.html.erb within layouts/application
  Rendered sections/_form.html.erb (105.0ms)
  Rendered sections/new.html.erb within layouts/application (151.9ms)
Completed 200 OK in 432ms (Views: 398.7ms | ActiveRecord: 0.0ms)


Started GET "/" for 127.0.0.1 at 2018-09-22 12:45:12 -0600
  [1m[36mActiveRecord::SchemaMigration Load (0.0ms)[0m  [1m[34mSELECT "schema_migrations".* FROM "schema_migrations"[0m
Processing by Rails::WelcomeController#index as HTML
  Parameters: {"internal"=>true}
  Rendering C:/Ruby24-x64/lib/ruby/gems/2.4.0/gems/railties-5.0.7/lib/rails/templates/rails/welcome/index.html.erb
  Rendered C:/Ruby24-x64/lib/ruby/gems/2.4.0/gems/railties-5.0.7/lib/rails/templates/rails/welcome/index.html.erb (4.0ms)
Completed 200 OK in 124ms (Views: 62.6ms | ActiveRecord: 0.0ms)


Started GET "/courses" for 127.0.0.1 at 2018-09-22 12:45:17 -0600
Processing by CoursesController#index as HTML
  Rendering courses/index.html.erb within layouts/application
  [1m[36mCourse Load (0.0ms)[0m  [1m[34mSELECT "courses".* FROM "courses"[0m
  Rendered courses/index.html.erb within layouts/application (0.0ms)
Completed 200 OK in 465ms (Views: 406.7ms | ActiveRecord: 0.0ms)


Started GET "/courses/new" for 127.0.0.1 at 2018-09-22 12:45:20 -0600
Processing by CoursesController#new as HTML
  Rendering courses/new.html.erb within layouts/application
  Rendered courses/_form.html.erb (20.3ms)
  Rendered courses/new.html.erb within layouts/application (48.2ms)
Completed 200 OK in 288ms (Views: 227.3ms | ActiveRecord: 0.0ms)


Started POST "/courses" for 127.0.0.1 at 2018-09-22 12:45:41 -0600
Processing by CoursesController#create as HTML
  Parameters: {"utf8"=>"✓", "authenticity_token"=>"DuaaTnaP6HOgF+hQ1a3JMk3DqzjcKkCcBP5yPRyQ/l1HspOD+Uhhr2f6ltC3zAY1VHLBUUTrQmP7W3dpJPOtQQ==", "course"=>{"name"=>"Principles of Stuff", "department"=>"Computer Science", "number"=>"3800", "credits"=>"4"}, "commit"=>"Create Course"}
  [1m[35m (0.0ms)[0m  [1m[36mbegin transaction[0m
  [1m[35mSQL (8.0ms)[0m  [1m[32mINSERT INTO "courses" ("name", "department", "number", "credits", "created_at", "updated_at") VALUES (?, ?, ?, ?, ?, ?)[0m  [["name", "Principles of Stuff"], ["department", "Computer Science"], ["number", "3800"], ["credits", "4"], ["created_at", "2018-09-22 18:45:41.851200"], ["updated_at", "2018-09-22 18:45:41.851200"]]
  [1m[35m (28.1ms)[0m  [1m[36mcommit transaction[0m
Redirected to http://localhost:3000/courses/1
Completed 302 Found in 44ms (ActiveRecord: 36.1ms)


Started GET "/courses/1" for 127.0.0.1 at 2018-09-22 12:45:41 -0600
Processing by CoursesController#show as HTML
  Parameters: {"id"=>"1"}
  [1m[36mCourse Load (0.0ms)[0m  [1m[34mSELECT  "courses".* FROM "courses" WHERE "courses"."id" = ? LIMIT ?[0m  [["id", 1], ["LIMIT", 1]]
  Rendering courses/show.html.erb within layouts/application
  [1m[36mSection Load (0.0ms)[0m  [1m[34mSELECT "sections".* FROM "sections" WHERE "sections"."course_id" = ?[0m  [["course_id", 1]]
  Rendered courses/show.html.erb within layouts/application (44.0ms)
Completed 200 OK in 244ms (Views: 208.0ms | ActiveRecord: 0.0ms)


Started GET "/courses" for 127.0.0.1 at 2018-09-22 12:45:44 -0600
Processing by CoursesController#index as HTML
  Rendering courses/index.html.erb within layouts/application
  [1m[36mCourse Load (0.0ms)[0m  [1m[34mSELECT "courses".* FROM "courses"[0m
  Rendered courses/index.html.erb within layouts/application (4.0ms)
Completed 200 OK in 168ms (Views: 141.4ms | ActiveRecord: 0.0ms)


Started GET "/sections" for 127.0.0.1 at 2018-09-22 12:45:48 -0600
Processing by SectionsController#index as HTML
  Rendering sections/index.html.erb within layouts/application
  [1m[36mSection Load (0.0ms)[0m  [1m[34mSELECT "sections".* FROM "sections"[0m
  Rendered sections/index.html.erb within layouts/application (0.0ms)
Completed 200 OK in 195ms (Views: 159.3ms | ActiveRecord: 0.0ms)


Started GET "/sections/new" for 127.0.0.1 at 2018-09-22 12:45:51 -0600
Processing by SectionsController#new as HTML
  Rendering sections/new.html.erb within layouts/application
  Rendered sections/_form.html.erb (41.0ms)
  Rendered sections/new.html.erb within layouts/application (56.6ms)
Completed 500 Internal Server Error in 171ms (ActiveRecord: 4.0ms)


  
ActionView::Template::Error (wrong number of arguments (given 7, expected 4..6)):
    23: 
    24:   <div class="field">
    25:     <%= f.label :course_id %>
    26:     <%= f.collection_select :course_id, Course.all, :id, :name, :department, :number, :credits %>
    27:   </div>
    28: 
    29:   <div class="field">
  
app/views/sections/_form.html.erb:26:in `block in _app_views_sections__form_html_erb__417291670_98556800'
app/views/sections/_form.html.erb:1:in `_app_views_sections__form_html_erb__417291670_98556800'
app/views/sections/new.html.erb:3:in `_app_views_sections_new_html_erb__695516402_98614580'
  Rendering C:/Ruby24-x64/lib/ruby/gems/2.4.0/gems/actionpack-5.0.7/lib/action_dispatch/middleware/templates/rescues/template_error.html.erb within rescues/layout
  Rendering C:/Ruby24-x64/lib/ruby/gems/2.4.0/gems/actionpack-5.0.7/lib/action_dispatch/middleware/templates/rescues/_source.html.erb
  Rendered C:/Ruby24-x64/lib/ruby/gems/2.4.0/gems/actionpack-5.0.7/lib/action_dispatch/middleware/templates/rescues/_source.html.erb (4.0ms)
  Rendering C:/Ruby24-x64/lib/ruby/gems/2.4.0/gems/actionpack-5.0.7/lib/action_dispatch/middleware/templates/rescues/_trace.html.erb
  Rendered C:/Ruby24-x64/lib/ruby/gems/2.4.0/gems/actionpack-5.0.7/lib/action_dispatch/middleware/templates/rescues/_trace.html.erb (4.0ms)
  Rendering C:/Ruby24-x64/lib/ruby/gems/2.4.0/gems/actionpack-5.0.7/lib/action_dispatch/middleware/templates/rescues/_request_and_response.html.erb
  Rendered C:/Ruby24-x64/lib/ruby/gems/2.4.0/gems/actionpack-5.0.7/lib/action_dispatch/middleware/templates/rescues/_request_and_response.html.erb (0.0ms)
  Rendered C:/Ruby24-x64/lib/ruby/gems/2.4.0/gems/actionpack-5.0.7/lib/action_dispatch/middleware/templates/rescues/template_error.html.erb within rescues/layout (1707.9ms)
Started GET "/sections/new" for 127.0.0.1 at 2018-09-22 12:48:35 -0600
  [1m[36mActiveRecord::SchemaMigration Load (0.0ms)[0m  [1m[34mSELECT "schema_migrations".* FROM "schema_migrations"[0m
Processing by SectionsController#new as HTML
  Rendering sections/new.html.erb within layouts/application
  [1m[36mCourse Load (0.0ms)[0m  [1m[34mSELECT "courses".* FROM "courses"[0m
  Rendered sections/_form.html.erb (57.0ms)
  Rendered sections/new.html.erb within layouts/application (87.0ms)
Completed 200 OK in 520ms (Views: 466.0ms | ActiveRecord: 1.0ms)


Started GET "/sections" for 127.0.0.1 at 2018-09-22 12:50:31 -0600
Processing by SectionsController#index as HTML
  Rendering sections/index.html.erb within layouts/application
  [1m[36mSection Load (1.0ms)[0m  [1m[34mSELECT "sections".* FROM "sections"[0m
  Rendered sections/index.html.erb within layouts/application (4.0ms)
Completed 200 OK in 166ms (Views: 136.4ms | ActiveRecord: 1.0ms)


Started GET "/sections" for 127.0.0.1 at 2018-09-22 12:50:33 -0600
Processing by SectionsController#index as HTML
  Rendering sections/index.html.erb within layouts/application
  [1m[36mSection Load (0.0ms)[0m  [1m[34mSELECT "sections".* FROM "sections"[0m
  Rendered sections/index.html.erb within layouts/application (3.0ms)
Completed 200 OK in 174ms (Views: 145.6ms | ActiveRecord: 0.0ms)


Started GET "/sections/new" for 127.0.0.1 at 2018-09-22 12:50:36 -0600
Processing by SectionsController#new as HTML
  Rendering sections/new.html.erb within layouts/application
  [1m[36mCourse Load (0.0ms)[0m  [1m[34mSELECT "courses".* FROM "courses"[0m
  Rendered sections/_form.html.erb (17.3ms)
  Rendered sections/new.html.erb within layouts/application (33.9ms)
Completed 200 OK in 216ms (Views: 164.1ms | ActiveRecord: 0.0ms)


Started POST "/sections" for 127.0.0.1 at 2018-09-22 12:50:48 -0600
Processing by SectionsController#create as HTML
  Parameters: {"utf8"=>"✓", "authenticity_token"=>"8uBTl61pMLnKv2F0tV/egHmL//NugwVijjpg/EX5Tjtci1kCJAug5qn2HIxLNGdhpK/CBHCKiVFGFcy3HAcx6g==", "section"=>{"semester"=>"Fall 18", "number"=>"20493", "course_id"=>"1", "room"=>"Central 109"}, "commit"=>"Create Section"}
  [1m[35m (0.0ms)[0m  [1m[36mbegin transaction[0m
  [1m[36mCourse Load (0.0ms)[0m  [1m[34mSELECT  "courses".* FROM "courses" WHERE "courses"."id" = ? LIMIT ?[0m  [["id", 1], ["LIMIT", 1]]
  [1m[35mSQL (1.0ms)[0m  [1m[32mINSERT INTO "sections" ("semester", "number", "course_id", "room", "created_at", "updated_at") VALUES (?, ?, ?, ?, ?, ?)[0m  [["semester", "Fall 18"], ["number", "20493"], ["course_id", 1], ["room", "Central 109"], ["created_at", "2018-09-22 18:50:48.716934"], ["updated_at", "2018-09-22 18:50:48.716934"]]
  [1m[35m (14.3ms)[0m  [1m[36mcommit transaction[0m
Redirected to http://localhost:3000/sections/1
Completed 302 Found in 51ms (ActiveRecord: 15.2ms)


Started GET "/sections/1" for 127.0.0.1 at 2018-09-22 12:50:48 -0600
Processing by SectionsController#show as HTML
  Parameters: {"id"=>"1"}
  [1m[36mSection Load (0.0ms)[0m  [1m[34mSELECT  "sections".* FROM "sections" WHERE "sections"."id" = ? LIMIT ?[0m  [["id", 1], ["LIMIT", 1]]
  Rendering sections/show.html.erb within layouts/application
  [1m[36mCourse Load (0.0ms)[0m  [1m[34mSELECT  "courses".* FROM "courses" WHERE "courses"."id" = ? LIMIT ?[0m  [["id", 1], ["LIMIT", 1]]
  Rendered sections/show.html.erb within layouts/application (3.9ms)
Completed 200 OK in 166ms (Views: 134.7ms | ActiveRecord: 0.0ms)


Started GET "/sections" for 127.0.0.1 at 2018-09-22 12:51:27 -0600
Processing by SectionsController#index as HTML
  Rendering sections/index.html.erb within layouts/application
  [1m[36mSection Load (0.0ms)[0m  [1m[34mSELECT "sections".* FROM "sections"[0m
  [1m[36mCourse Load (1.0ms)[0m  [1m[34mSELECT  "courses".* FROM "courses" WHERE "courses"."id" = ? LIMIT ?[0m  [["id", 1], ["LIMIT", 1]]
  Rendered sections/index.html.erb within layouts/application (6.0ms)
Completed 200 OK in 177ms (Views: 146.0ms | ActiveRecord: 1.0ms)


Started GET "/sections/new" for 127.0.0.1 at 2018-09-22 12:53:38 -0600
Processing by SectionsController#new as HTML
  Rendering sections/new.html.erb within layouts/application
  [1m[36mCourse Load (0.0ms)[0m  [1m[34mSELECT "courses".* FROM "courses"[0m
  Rendered sections/_form.html.erb (5.0ms)
  Rendered sections/new.html.erb within layouts/application (41.0ms)
Completed 200 OK in 214ms (Views: 183.9ms | ActiveRecord: 0.0ms)


Started POST "/sections" for 127.0.0.1 at 2018-09-22 12:53:45 -0600
Processing by SectionsController#create as HTML
  Parameters: {"utf8"=>"✓", "authenticity_token"=>"VV0E0eocgvM9uJoCunRfRdyTXJxWH0svG88Xq45upNr7Ng5EY34SrF7x5/pEH+akAbdha0gWxxzT4Lvg15DbCw==", "section"=>{"semester"=>"123", "number"=>"5", "course_id"=>"1", "room"=>"8"}, "commit"=>"Create Section"}
  [1m[35m (0.0ms)[0m  [1m[36mbegin transaction[0m
  [1m[36mCourse Load (0.0ms)[0m  [1m[34mSELECT  "courses".* FROM "courses" WHERE "courses"."id" = ? LIMIT ?[0m  [["id", 1], ["LIMIT", 1]]
  [1m[35mSQL (4.1ms)[0m  [1m[32mINSERT INTO "sections" ("semester", "number", "course_id", "room", "created_at", "updated_at") VALUES (?, ?, ?, ?, ?, ?)[0m  [["semester", "123"], ["number", "5"], ["course_id", 1], ["room", "8"], ["created_at", "2018-09-22 18:53:45.765696"], ["updated_at", "2018-09-22 18:53:45.765696"]]
  [1m[35m (8.0ms)[0m  [1m[36mcommit transaction[0m
Redirected to http://localhost:3000/sections/2
Completed 302 Found in 23ms (ActiveRecord: 12.1ms)


Started GET "/sections/2" for 127.0.0.1 at 2018-09-22 12:53:45 -0600
Processing by SectionsController#show as HTML
  Parameters: {"id"=>"2"}
  [1m[36mSection Load (0.0ms)[0m  [1m[34mSELECT  "sections".* FROM "sections" WHERE "sections"."id" = ? LIMIT ?[0m  [["id", 2], ["LIMIT", 1]]
  Rendering sections/show.html.erb within layouts/application
  [1m[36mCourse Load (0.0ms)[0m  [1m[34mSELECT  "courses".* FROM "courses" WHERE "courses"."id" = ? LIMIT ?[0m  [["id", 1], ["LIMIT", 1]]
  Rendered sections/show.html.erb within layouts/application (4.3ms)
Completed 200 OK in 166ms (Views: 135.6ms | ActiveRecord: 0.0ms)


Started GET "/sections" for 127.0.0.1 at 2018-09-22 12:53:47 -0600
Processing by SectionsController#index as HTML
  Rendering sections/index.html.erb within layouts/application
  [1m[36mSection Load (0.0ms)[0m  [1m[34mSELECT "sections".* FROM "sections"[0m
  [1m[36mCourse Load (0.0ms)[0m  [1m[34mSELECT  "courses".* FROM "courses" WHERE "courses"."id" = ? LIMIT ?[0m  [["id", 1], ["LIMIT", 1]]
  [1m[36mCACHE (0.0ms)[0m  [1m[34mSELECT  "courses".* FROM "courses" WHERE "courses"."id" = ? LIMIT ?[0m  [["id", 1], ["LIMIT", 1]]
  Rendered sections/index.html.erb within layouts/application (8.7ms)
Completed 200 OK in 173ms (Views: 146.5ms | ActiveRecord: 0.0ms)


Started GET "/sections/1" for 127.0.0.1 at 2018-09-22 12:58:33 -0600
Processing by SectionsController#show as HTML
  Parameters: {"id"=>"1"}
  [1m[36mSection Load (1.0ms)[0m  [1m[34mSELECT  "sections".* FROM "sections" WHERE "sections"."id" = ? LIMIT ?[0m  [["id", 1], ["LIMIT", 1]]
  Rendering sections/show.html.erb within layouts/application
  [1m[36mCourse Load (0.0ms)[0m  [1m[34mSELECT  "courses".* FROM "courses" WHERE "courses"."id" = ? LIMIT ?[0m  [["id", 1], ["LIMIT", 1]]
  Rendered sections/show.html.erb within layouts/application (3.8ms)
Completed 200 OK in 198ms (Views: 140.9ms | ActiveRecord: 1.0ms)


Started GET "/sections" for 127.0.0.1 at 2018-09-22 12:59:12 -0600
Processing by SectionsController#index as HTML
  Rendering sections/index.html.erb within layouts/application
  [1m[36mSection Load (0.0ms)[0m  [1m[34mSELECT "sections".* FROM "sections"[0m
  [1m[36mCourse Load (1.0ms)[0m  [1m[34mSELECT  "courses".* FROM "courses" WHERE "courses"."id" = ? LIMIT ?[0m  [["id", 1], ["LIMIT", 1]]
  [1m[36mCACHE (0.0ms)[0m  [1m[34mSELECT  "courses".* FROM "courses" WHERE "courses"."id" = ? LIMIT ?[0m  [["id", 1], ["LIMIT", 1]]
  Rendered sections/index.html.erb within layouts/application (8.1ms)
Completed 200 OK in 185ms (Views: 151.9ms | ActiveRecord: 1.0ms)


Started GET "/sections/new" for 127.0.0.1 at 2018-09-22 13:00:08 -0600
Processing by SectionsController#new as HTML
  Rendering sections/new.html.erb within layouts/application
  [1m[36mCourse Load (1.0ms)[0m  [1m[34mSELECT "courses".* FROM "courses"[0m
  Rendered sections/_form.html.erb (6.0ms)
  Rendered sections/new.html.erb within layouts/application (36.4ms)
Completed 200 OK in 193ms (Views: 164.7ms | ActiveRecord: 1.0ms)


Started GET "/sections" for 127.0.0.1 at 2018-09-22 13:00:11 -0600
Processing by SectionsController#index as HTML
  Rendering sections/index.html.erb within layouts/application
  [1m[36mSection Load (1.0ms)[0m  [1m[34mSELECT "sections".* FROM "sections"[0m
  [1m[36mCourse Load (0.0ms)[0m  [1m[34mSELECT  "courses".* FROM "courses" WHERE "courses"."id" = ? LIMIT ?[0m  [["id", 1], ["LIMIT", 1]]
  [1m[36mCACHE (0.0ms)[0m  [1m[34mSELECT  "courses".* FROM "courses" WHERE "courses"."id" = ? LIMIT ?[0m  [["id", 1], ["LIMIT", 1]]
  Rendered sections/index.html.erb within layouts/application (9.0ms)
Completed 200 OK in 172ms (Views: 143.0ms | ActiveRecord: 1.0ms)


Started GET "/sections/2" for 127.0.0.1 at 2018-09-22 13:00:14 -0600
Processing by SectionsController#show as HTML
  Parameters: {"id"=>"2"}
  [1m[36mSection Load (0.0ms)[0m  [1m[34mSELECT  "sections".* FROM "sections" WHERE "sections"."id" = ? LIMIT ?[0m  [["id", 2], ["LIMIT", 1]]
  Rendering sections/show.html.erb within layouts/application
  [1m[36mCourse Load (0.0ms)[0m  [1m[34mSELECT  "courses".* FROM "courses" WHERE "courses"."id" = ? LIMIT ?[0m  [["id", 1], ["LIMIT", 1]]
  Rendered sections/show.html.erb within layouts/application (4.0ms)
Completed 200 OK in 167ms (Views: 136.2ms | ActiveRecord: 0.0ms)


Started GET "/sections" for 127.0.0.1 at 2018-09-22 13:00:15 -0600
Processing by SectionsController#index as HTML
  Rendering sections/index.html.erb within layouts/application
  [1m[36mSection Load (0.0ms)[0m  [1m[34mSELECT "sections".* FROM "sections"[0m
  [1m[36mCourse Load (0.0ms)[0m  [1m[34mSELECT  "courses".* FROM "courses" WHERE "courses"."id" = ? LIMIT ?[0m  [["id", 1], ["LIMIT", 1]]
  [1m[36mCACHE (0.0ms)[0m  [1m[34mSELECT  "courses".* FROM "courses" WHERE "courses"."id" = ? LIMIT ?[0m  [["id", 1], ["LIMIT", 1]]
  Rendered sections/index.html.erb within layouts/application (7.0ms)
Completed 200 OK in 177ms (Views: 148.0ms | ActiveRecord: 0.0ms)


Started GET "/sections/1" for 127.0.0.1 at 2018-09-22 13:00:15 -0600
Processing by SectionsController#show as HTML
  Parameters: {"id"=>"1"}
  [1m[36mSection Load (0.0ms)[0m  [1m[34mSELECT  "sections".* FROM "sections" WHERE "sections"."id" = ? LIMIT ?[0m  [["id", 1], ["LIMIT", 1]]
  Rendering sections/show.html.erb within layouts/application
  [1m[36mCourse Load (0.0ms)[0m  [1m[34mSELECT  "courses".* FROM "courses" WHERE "courses"."id" = ? LIMIT ?[0m  [["id", 1], ["LIMIT", 1]]
  Rendered sections/show.html.erb within layouts/application (2.0ms)
Completed 200 OK in 169ms (Views: 136.8ms | ActiveRecord: 0.0ms)


Started GET "/sections" for 127.0.0.1 at 2018-09-22 13:00:16 -0600
Processing by SectionsController#index as HTML
  Rendering sections/index.html.erb within layouts/application
  [1m[36mSection Load (0.0ms)[0m  [1m[34mSELECT "sections".* FROM "sections"[0m
  [1m[36mCourse Load (1.0ms)[0m  [1m[34mSELECT  "courses".* FROM "courses" WHERE "courses"."id" = ? LIMIT ?[0m  [["id", 1], ["LIMIT", 1]]
  [1m[36mCACHE (0.0ms)[0m  [1m[34mSELECT  "courses".* FROM "courses" WHERE "courses"."id" = ? LIMIT ?[0m  [["id", 1], ["LIMIT", 1]]
  Rendered sections/index.html.erb within layouts/application (5.0ms)
Completed 200 OK in 176ms (Views: 144.5ms | ActiveRecord: 1.0ms)


Started GET "/courses/1" for 127.0.0.1 at 2018-09-22 13:00:26 -0600
Processing by CoursesController#show as HTML
  Parameters: {"id"=>"1"}
  [1m[36mCourse Load (0.0ms)[0m  [1m[34mSELECT  "courses".* FROM "courses" WHERE "courses"."id" = ? LIMIT ?[0m  [["id", 1], ["LIMIT", 1]]
  Rendering courses/show.html.erb within layouts/application
  [1m[36mSection Load (1.0ms)[0m  [1m[34mSELECT "sections".* FROM "sections" WHERE "sections"."course_id" = ?[0m  [["course_id", 1]]
  Rendered courses/show.html.erb within layouts/application (55.0ms)
Completed 500 Internal Server Error in 190ms (ActiveRecord: 1.0ms)


  
ActionView::Template::Error (undefined method `name' for #<Section:0x000000000b824028>):
    22: 
    23: <ol>
    24: 	<% @course.sections.each do |section| %>
    25: 		<li> <%= section.name %>
    26: 		<% end %>
    27: </ol>
    28: 
  
app/views/courses/show.html.erb:25:in `block in _app_views_courses_show_html_erb__641406387_96828640'
app/views/courses/show.html.erb:24:in `_app_views_courses_show_html_erb__641406387_96828640'
  Rendering C:/Ruby24-x64/lib/ruby/gems/2.4.0/gems/actionpack-5.0.7/lib/action_dispatch/middleware/templates/rescues/template_error.html.erb within rescues/layout
  Rendering C:/Ruby24-x64/lib/ruby/gems/2.4.0/gems/actionpack-5.0.7/lib/action_dispatch/middleware/templates/rescues/_source.html.erb
  Rendered C:/Ruby24-x64/lib/ruby/gems/2.4.0/gems/actionpack-5.0.7/lib/action_dispatch/middleware/templates/rescues/_source.html.erb (4.0ms)
  Rendering C:/Ruby24-x64/lib/ruby/gems/2.4.0/gems/actionpack-5.0.7/lib/action_dispatch/middleware/templates/rescues/_trace.html.erb
  Rendered C:/Ruby24-x64/lib/ruby/gems/2.4.0/gems/actionpack-5.0.7/lib/action_dispatch/middleware/templates/rescues/_trace.html.erb (2.0ms)
  Rendering C:/Ruby24-x64/lib/ruby/gems/2.4.0/gems/actionpack-5.0.7/lib/action_dispatch/middleware/templates/rescues/_request_and_response.html.erb
  Rendered C:/Ruby24-x64/lib/ruby/gems/2.4.0/gems/actionpack-5.0.7/lib/action_dispatch/middleware/templates/rescues/_request_and_response.html.erb (2.0ms)
  Rendered C:/Ruby24-x64/lib/ruby/gems/2.4.0/gems/actionpack-5.0.7/lib/action_dispatch/middleware/templates/rescues/template_error.html.erb within rescues/layout (1739.0ms)
Started GET "/courses/1" for 127.0.0.1 at 2018-09-22 13:03:28 -0600
Processing by CoursesController#show as HTML
  Parameters: {"id"=>"1"}
  [1m[36mCourse Load (1.0ms)[0m  [1m[34mSELECT  "courses".* FROM "courses" WHERE "courses"."id" = ? LIMIT ?[0m  [["id", 1], ["LIMIT", 1]]
  Rendering courses/show.html.erb within layouts/application
  [1m[36mSection Load (0.0ms)[0m  [1m[34mSELECT "sections".* FROM "sections" WHERE "sections"."course_id" = ?[0m  [["course_id", 1]]
  Rendered courses/show.html.erb within layouts/application (39.0ms)
Completed 500 Internal Server Error in 159ms (ActiveRecord: 1.0ms)


  
ActionView::Template::Error (undefined method `name' for #<Section:0x000000000a621ee8>):
    22: 
    23: <ol>
    24: 	<% @course.sections.each do |section| %>
    25: 		<li> <%= section.name %>
    26: 		<% end %>
    27: </ol>
    28: 
  
app/views/courses/show.html.erb:25:in `block in _app_views_courses_show_html_erb__641406387_87452920'
app/views/courses/show.html.erb:24:in `_app_views_courses_show_html_erb__641406387_87452920'
  Rendering C:/Ruby24-x64/lib/ruby/gems/2.4.0/gems/actionpack-5.0.7/lib/action_dispatch/middleware/templates/rescues/template_error.html.erb within rescues/layout
  Rendering C:/Ruby24-x64/lib/ruby/gems/2.4.0/gems/actionpack-5.0.7/lib/action_dispatch/middleware/templates/rescues/_source.html.erb
  Rendered C:/Ruby24-x64/lib/ruby/gems/2.4.0/gems/actionpack-5.0.7/lib/action_dispatch/middleware/templates/rescues/_source.html.erb (5.0ms)
  Rendering C:/Ruby24-x64/lib/ruby/gems/2.4.0/gems/actionpack-5.0.7/lib/action_dispatch/middleware/templates/rescues/_trace.html.erb
  Rendered C:/Ruby24-x64/lib/ruby/gems/2.4.0/gems/actionpack-5.0.7/lib/action_dispatch/middleware/templates/rescues/_trace.html.erb (2.0ms)
  Rendering C:/Ruby24-x64/lib/ruby/gems/2.4.0/gems/actionpack-5.0.7/lib/action_dispatch/middleware/templates/rescues/_request_and_response.html.erb
  Rendered C:/Ruby24-x64/lib/ruby/gems/2.4.0/gems/actionpack-5.0.7/lib/action_dispatch/middleware/templates/rescues/_request_and_response.html.erb (1.0ms)
  Rendered C:/Ruby24-x64/lib/ruby/gems/2.4.0/gems/actionpack-5.0.7/lib/action_dispatch/middleware/templates/rescues/template_error.html.erb within rescues/layout (1691.0ms)
Started GET "/courses/" for 127.0.0.1 at 2018-09-22 13:03:36 -0600
Processing by CoursesController#index as HTML
  Rendering courses/index.html.erb within layouts/application
  [1m[36mCourse Load (0.0ms)[0m  [1m[34mSELECT "courses".* FROM "courses"[0m
  Rendered courses/index.html.erb within layouts/application (4.0ms)
Completed 200 OK in 164ms (Views: 136.5ms | ActiveRecord: 0.0ms)


Started GET "/courses/1/edit" for 127.0.0.1 at 2018-09-22 13:03:39 -0600
Processing by CoursesController#edit as HTML
  Parameters: {"id"=>"1"}
  [1m[36mCourse Load (0.0ms)[0m  [1m[34mSELECT  "courses".* FROM "courses" WHERE "courses"."id" = ? LIMIT ?[0m  [["id", 1], ["LIMIT", 1]]
  Rendering courses/edit.html.erb within layouts/application
  Rendered courses/_form.html.erb (3.0ms)
  Rendered courses/edit.html.erb within layouts/application (32.0ms)
Completed 200 OK in 201ms (Views: 167.4ms | ActiveRecord: 0.0ms)


Started GET "/courses/1" for 127.0.0.1 at 2018-09-22 13:03:42 -0600
Processing by CoursesController#show as HTML
  Parameters: {"id"=>"1"}
  [1m[36mCourse Load (0.0ms)[0m  [1m[34mSELECT  "courses".* FROM "courses" WHERE "courses"."id" = ? LIMIT ?[0m  [["id", 1], ["LIMIT", 1]]
  Rendering courses/show.html.erb within layouts/application
  [1m[36mSection Load (0.0ms)[0m  [1m[34mSELECT "sections".* FROM "sections" WHERE "sections"."course_id" = ?[0m  [["course_id", 1]]
  Rendered courses/show.html.erb within layouts/application (40.2ms)
Completed 500 Internal Server Error in 147ms (ActiveRecord: 0.0ms)


  
ActionView::Template::Error (undefined method `name' for #<Section:0x0000000005ae72e8>):
    22: 
    23: <ol>
    24: 	<% @course.sections.each do |section| %>
    25: 		<li> <%= section.name %>
    26: 		<% end %>
    27: </ol>
    28: 
  
app/views/courses/show.html.erb:25:in `block in _app_views_courses_show_html_erb__641406387_50602920'
app/views/courses/show.html.erb:24:in `_app_views_courses_show_html_erb__641406387_50602920'
  Rendering C:/Ruby24-x64/lib/ruby/gems/2.4.0/gems/actionpack-5.0.7/lib/action_dispatch/middleware/templates/rescues/template_error.html.erb within rescues/layout
  Rendering C:/Ruby24-x64/lib/ruby/gems/2.4.0/gems/actionpack-5.0.7/lib/action_dispatch/middleware/templates/rescues/_source.html.erb
  Rendered C:/Ruby24-x64/lib/ruby/gems/2.4.0/gems/actionpack-5.0.7/lib/action_dispatch/middleware/templates/rescues/_source.html.erb (4.0ms)
  Rendering C:/Ruby24-x64/lib/ruby/gems/2.4.0/gems/actionpack-5.0.7/lib/action_dispatch/middleware/templates/rescues/_trace.html.erb
  Rendered C:/Ruby24-x64/lib/ruby/gems/2.4.0/gems/actionpack-5.0.7/lib/action_dispatch/middleware/templates/rescues/_trace.html.erb (1.0ms)
  Rendering C:/Ruby24-x64/lib/ruby/gems/2.4.0/gems/actionpack-5.0.7/lib/action_dispatch/middleware/templates/rescues/_request_and_response.html.erb
  Rendered C:/Ruby24-x64/lib/ruby/gems/2.4.0/gems/actionpack-5.0.7/lib/action_dispatch/middleware/templates/rescues/_request_and_response.html.erb (0.0ms)
  Rendered C:/Ruby24-x64/lib/ruby/gems/2.4.0/gems/actionpack-5.0.7/lib/action_dispatch/middleware/templates/rescues/template_error.html.erb within rescues/layout (1741.5ms)
Started GET "/courses/1" for 127.0.0.1 at 2018-09-22 13:05:18 -0600
Processing by CoursesController#show as HTML
  Parameters: {"id"=>"1"}
  [1m[36mCourse Load (0.0ms)[0m  [1m[34mSELECT  "courses".* FROM "courses" WHERE "courses"."id" = ? LIMIT ?[0m  [["id", 1], ["LIMIT", 1]]
  Rendering courses/show.html.erb within layouts/application
  [1m[36mSection Load (1.0ms)[0m  [1m[34mSELECT "sections".* FROM "sections" WHERE "sections"."course_id" = ?[0m  [["course_id", 1]]
  Rendered courses/show.html.erb within layouts/application (5.0ms)
Completed 200 OK in 218ms (Views: 167.9ms | ActiveRecord: 1.0ms)


Started GET "/courses" for 127.0.0.1 at 2018-09-22 13:05:23 -0600
Processing by CoursesController#index as HTML
  Rendering courses/index.html.erb within layouts/application
  [1m[36mCourse Load (1.0ms)[0m  [1m[34mSELECT "courses".* FROM "courses"[0m
  Rendered courses/index.html.erb within layouts/application (3.0ms)
Completed 200 OK in 173ms (Views: 143.3ms | ActiveRecord: 1.0ms)


Started GET "/courses/1" for 127.0.0.1 at 2018-09-22 13:05:27 -0600
Processing by CoursesController#show as HTML
  Parameters: {"id"=>"1"}
  [1m[36mCourse Load (1.0ms)[0m  [1m[34mSELECT  "courses".* FROM "courses" WHERE "courses"."id" = ? LIMIT ?[0m  [["id", 1], ["LIMIT", 1]]
  Rendering courses/show.html.erb within layouts/application
  [1m[36mSection Load (0.0ms)[0m  [1m[34mSELECT "sections".* FROM "sections" WHERE "sections"."course_id" = ?[0m  [["course_id", 1]]
  Rendered courses/show.html.erb within layouts/application (4.7ms)
Completed 200 OK in 187ms (Views: 145.6ms | ActiveRecord: 1.0ms)


Started GET "/courses" for 127.0.0.1 at 2018-09-22 13:05:41 -0600
Processing by CoursesController#index as HTML
  Rendering courses/index.html.erb within layouts/application
  [1m[36mCourse Load (1.0ms)[0m  [1m[34mSELECT "courses".* FROM "courses"[0m
  Rendered courses/index.html.erb within layouts/application (4.0ms)
Completed 200 OK in 174ms (Views: 139.6ms | ActiveRecord: 1.0ms)


Started GET "/courses/new" for 127.0.0.1 at 2018-09-22 13:05:42 -0600
Processing by CoursesController#new as HTML
  Rendering courses/new.html.erb within layouts/application
  Rendered courses/_form.html.erb (3.0ms)
  Rendered courses/new.html.erb within layouts/application (32.0ms)
Completed 200 OK in 190ms (Views: 162.0ms | ActiveRecord: 0.0ms)


Started POST "/courses" for 127.0.0.1 at 2018-09-22 13:05:59 -0600
Processing by CoursesController#create as HTML
  Parameters: {"utf8"=>"✓", "authenticity_token"=>"IxvbO/eHwOLdLMHYYb4aGx9v/UNkNPZ5G6AScMYadBNqT9L2eEBJPhrBv1gD39UcBt6XKvz19IbkBRck/nknDw==", "course"=>{"name"=>"Web Application", "department"=>"Computer Science", "number"=>"390P", "credits"=>"5"}, "commit"=>"Create Course"}
  [1m[35m (0.0ms)[0m  [1m[36mbegin transaction[0m
  [1m[35mSQL (4.0ms)[0m  [1m[32mINSERT INTO "courses" ("name", "department", "number", "credits", "created_at", "updated_at") VALUES (?, ?, ?, ?, ?, ?)[0m  [["name", "Web Application"], ["department", "Computer Science"], ["number", "390P"], ["credits", "5"], ["created_at", "2018-09-22 19:05:59.986480"], ["updated_at", "2018-09-22 19:05:59.986480"]]
  [1m[35m (8.0ms)[0m  [1m[36mcommit transaction[0m
Redirected to http://localhost:3000/courses/2
Completed 302 Found in 17ms (ActiveRecord: 12.0ms)


Started GET "/courses/2" for 127.0.0.1 at 2018-09-22 13:06:00 -0600
Processing by CoursesController#show as HTML
  Parameters: {"id"=>"2"}
  [1m[36mCourse Load (0.0ms)[0m  [1m[34mSELECT  "courses".* FROM "courses" WHERE "courses"."id" = ? LIMIT ?[0m  [["id", 2], ["LIMIT", 1]]
  Rendering courses/show.html.erb within layouts/application
  [1m[36mSection Load (1.0ms)[0m  [1m[34mSELECT "sections".* FROM "sections" WHERE "sections"."course_id" = ?[0m  [["course_id", 2]]
  Rendered courses/show.html.erb within layouts/application (4.0ms)
Completed 200 OK in 171ms (Views: 138.5ms | ActiveRecord: 1.0ms)


Started GET "/courses" for 127.0.0.1 at 2018-09-22 13:06:02 -0600
Processing by CoursesController#index as HTML
  Rendering courses/index.html.erb within layouts/application
  [1m[36mCourse Load (0.0ms)[0m  [1m[34mSELECT "courses".* FROM "courses"[0m
  Rendered courses/index.html.erb within layouts/application (15.6ms)
Completed 200 OK in 169ms (Views: 140.1ms | ActiveRecord: 0.0ms)


